0 info it worked if it ends with ok
1 verbose cli [ '/usr/bin/node', '/usr/bin/npm', 'publish' ]
2 info using npm@1.3.24
3 info using node@v0.10.25
4 verbose node symlink /usr/bin/node
5 verbose publish [ '.' ]
6 verbose cache add [ '.', null ]
7 verbose cache add name=undefined spec="." args=[".",null]
8 verbose parsed url { protocol: null,
8 verbose parsed url   slashes: null,
8 verbose parsed url   auth: null,
8 verbose parsed url   host: null,
8 verbose parsed url   port: null,
8 verbose parsed url   hostname: null,
8 verbose parsed url   hash: null,
8 verbose parsed url   search: null,
8 verbose parsed url   query: null,
8 verbose parsed url   pathname: '.',
8 verbose parsed url   path: '.',
8 verbose parsed url   href: '.' }
9 silly lockFile 3a52ce78- .
10 verbose lock . /home/philipp/.npm/3a52ce78-.lock
11 verbose tar pack [ '/home/philipp/tmp/npm-29345-o2fD2C0u/1400127100395-0.5656305949669331/tmp.tgz',
11 verbose tar pack   '.' ]
12 verbose tarball /home/philipp/tmp/npm-29345-o2fD2C0u/1400127100395-0.5656305949669331/tmp.tgz
13 verbose folder .
14 info prepublish rstats@0.0.1
15 silly lockFile 1f1177db-tar tar://.
16 verbose lock tar://. /home/philipp/.npm/1f1177db-tar.lock
17 silly lockFile f1aa62a4-00395-0-5656305949669331-tmp-tgz tar:///home/philipp/tmp/npm-29345-o2fD2C0u/1400127100395-0.5656305949669331/tmp.tgz
18 verbose lock tar:///home/philipp/tmp/npm-29345-o2fD2C0u/1400127100395-0.5656305949669331/tmp.tgz /home/philipp/.npm/f1aa62a4-00395-0-5656305949669331-tmp-tgz.lock
19 silly lockFile 1f1177db-tar tar://.
20 silly lockFile 1f1177db-tar tar://.
21 silly lockFile f1aa62a4-00395-0-5656305949669331-tmp-tgz tar:///home/philipp/tmp/npm-29345-o2fD2C0u/1400127100395-0.5656305949669331/tmp.tgz
22 silly lockFile f1aa62a4-00395-0-5656305949669331-tmp-tgz tar:///home/philipp/tmp/npm-29345-o2fD2C0u/1400127100395-0.5656305949669331/tmp.tgz
23 verbose tar unpack /home/philipp/tmp/npm-29345-o2fD2C0u/1400127100395-0.5656305949669331/tmp.tgz
24 silly lockFile ddc6b499-00395-0-5656305949669331-package tar:///home/philipp/tmp/npm-29345-o2fD2C0u/1400127100395-0.5656305949669331/package
25 verbose lock tar:///home/philipp/tmp/npm-29345-o2fD2C0u/1400127100395-0.5656305949669331/package /home/philipp/.npm/ddc6b499-00395-0-5656305949669331-package.lock
26 silly lockFile f1aa62a4-00395-0-5656305949669331-tmp-tgz tar:///home/philipp/tmp/npm-29345-o2fD2C0u/1400127100395-0.5656305949669331/tmp.tgz
27 verbose lock tar:///home/philipp/tmp/npm-29345-o2fD2C0u/1400127100395-0.5656305949669331/tmp.tgz /home/philipp/.npm/f1aa62a4-00395-0-5656305949669331-tmp-tgz.lock
28 silly gunzTarPerm modes [ '755', '644' ]
29 silly gunzTarPerm extractEntry package.json
30 silly gunzTarPerm modified mode [ 'package.json', 436, 420 ]
31 silly gunzTarPerm extractEntry README.md
32 silly gunzTarPerm modified mode [ 'README.md', 436, 420 ]
33 silly gunzTarPerm extractEntry LICENSE
34 silly gunzTarPerm modified mode [ 'LICENSE', 436, 420 ]
35 silly gunzTarPerm extractEntry start.js
36 silly gunzTarPerm extractEntry binding.gyp
37 silly gunzTarPerm extractEntry build/Makefile
38 silly gunzTarPerm extractEntry build/R.target.mk
39 silly gunzTarPerm extractEntry build/Release/.deps/Makefile.d
40 silly gunzTarPerm extractEntry build/Release/.deps/Release/R.node.d
41 silly gunzTarPerm extractEntry build/Release/.deps/Release/hello.node.d
42 silly gunzTarPerm extractEntry build/Release/.deps/Release/obj.target/R/hello.o.d
43 silly gunzTarPerm extractEntry build/Release/.deps/Release/obj.target/R/src/rl.o.d
44 silly gunzTarPerm extractEntry build/Release/.deps/Release/obj.target/R/src/rlink.o.d
45 silly gunzTarPerm extractEntry build/Release/.deps/Release/obj.target/R.node.d
46 silly gunzTarPerm extractEntry build/Release/.deps/Release/obj.target/hello/hello.o.d
47 silly gunzTarPerm extractEntry build/Release/.deps/Release/obj.target/hello.node.d
48 silly gunzTarPerm extractEntry build/Release/R.node
49 silly gunzTarPerm extractEntry build/Release/hello.node
50 silly gunzTarPerm extractEntry build/Release/linker.lock
51 silly gunzTarPerm extractEntry build/Release/obj.target/R/hello.o
52 silly gunzTarPerm extractEntry build/Release/obj.target/R/src/rl.o
53 silly gunzTarPerm extractEntry build/Release/obj.target/R/src/rlink.o
54 silly gunzTarPerm extractEntry build/Release/obj.target/R.node
55 silly gunzTarPerm extractEntry build/Release/obj.target/hello/hello.o
56 silly gunzTarPerm extractEntry build/Release/obj.target/hello.node
57 silly gunzTarPerm extractEntry build/binding.Makefile
58 silly gunzTarPerm extractEntry build/config.gypi
59 silly gunzTarPerm extractEntry build/hello.target.mk
60 silly gunzTarPerm extractEntry include/Callbacks.h
61 silly gunzTarPerm extractEntry include/MemBuf.h
62 silly gunzTarPerm extractEntry include/RInside.h
63 silly gunzTarPerm extractEntry include/RInsideCommon.h
64 silly gunzTarPerm extractEntry include/RInsideConfig.h
65 silly gunzTarPerm extractEntry include/Rcpp/Vector.h
66 silly gunzTarPerm extractEntry include/Rcpp/Benchmark/Timer.h
67 silly gunzTarPerm extractEntry include/Rcpp/Date.h
68 silly gunzTarPerm extractEntry include/Rcpp/DateVector.h
69 silly gunzTarPerm extractEntry include/Rcpp/Datetime.h
70 silly gunzTarPerm extractEntry include/Rcpp/DatetimeVector.h
71 silly gunzTarPerm extractEntry include/Rcpp/Dimension.h
72 silly gunzTarPerm extractEntry include/Rcpp/DottedPair.h
73 silly gunzTarPerm extractEntry include/Rcpp/DottedPairImpl.h
74 silly gunzTarPerm extractEntry include/Rcpp/Environment.h
75 silly gunzTarPerm extractEntry include/Rcpp/Extractor.h
76 silly gunzTarPerm extractEntry include/Rcpp/Fast.h
77 silly gunzTarPerm extractEntry include/Rcpp/Formula.h
78 silly gunzTarPerm extractEntry include/Rcpp/Function.h
79 silly gunzTarPerm extractEntry include/Rcpp/InputParameter.h
80 silly gunzTarPerm extractEntry include/Rcpp/InternalFunction.h
81 silly gunzTarPerm extractEntry include/Rcpp/Interrupt.h
82 silly gunzTarPerm extractEntry include/Rcpp/Language.h
83 silly gunzTarPerm extractEntry include/Rcpp/Module.h
84 silly gunzTarPerm extractEntry include/Rcpp/Na_Proxy.h
85 silly gunzTarPerm extractEntry include/Rcpp/Named.h
86 silly gunzTarPerm extractEntry include/Rcpp/Pairlist.h
87 silly gunzTarPerm extractEntry include/Rcpp/Promise.h
88 silly gunzTarPerm extractEntry include/Rcpp/RObject.h
89 silly gunzTarPerm extractEntry include/Rcpp/Reference.h
90 silly gunzTarPerm extractEntry include/Rcpp/Rmath.h
91 silly gunzTarPerm extractEntry include/Rcpp/S4.h
92 silly gunzTarPerm extractEntry include/Rcpp/StretchyList.h
93 silly gunzTarPerm extractEntry include/Rcpp/String.h
94 silly gunzTarPerm extractEntry include/Rcpp/StringTransformer.h
95 silly gunzTarPerm extractEntry include/Rcpp/Symbol.h
96 silly gunzTarPerm extractEntry include/Rcpp/DataFrame.h
97 silly gunzTarPerm extractEntry include/Rcpp/WeakReference.h
98 silly gunzTarPerm extractEntry include/Rcpp/XPtr.h
99 silly gunzTarPerm extractEntry include/Rcpp/algo.h
100 silly gunzTarPerm extractEntry include/Rcpp/api/bones/Date.h
101 silly gunzTarPerm extractEntry include/Rcpp/api/bones/Datetime.h
102 silly gunzTarPerm extractEntry include/Rcpp/api/bones/bones.h
103 silly gunzTarPerm extractEntry include/Rcpp/api/bones/wrap_extra_steps.h
104 silly gunzTarPerm extractEntry include/Rcpp/api/meat/StretchyList.h
105 silly gunzTarPerm extractEntry include/Rcpp/api/meat/DataFrame.h
106 silly gunzTarPerm extractEntry include/Rcpp/api/meat/Datetime.h
107 silly gunzTarPerm extractEntry include/Rcpp/api/meat/Dimension.h
108 silly gunzTarPerm extractEntry include/Rcpp/api/meat/DottedPairImpl.h
109 silly gunzTarPerm extractEntry include/Rcpp/api/meat/Environment.h
110 silly gunzTarPerm extractEntry include/Rcpp/api/meat/Rcpp_eval.h
111 silly gunzTarPerm extractEntry include/Rcpp/api/meat/S4.h
112 silly gunzTarPerm extractEntry include/Rcpp/api/meat/Date.h
113 silly gunzTarPerm extractEntry include/Rcpp/api/meat/Vector.h
114 silly gunzTarPerm extractEntry include/Rcpp/api/meat/as.h
115 silly gunzTarPerm extractEntry include/Rcpp/api/meat/export.h
116 silly gunzTarPerm extractEntry include/Rcpp/api/meat/is.h
117 silly gunzTarPerm extractEntry include/Rcpp/api/meat/meat.h
118 silly gunzTarPerm extractEntry include/Rcpp/api/meat/module/Module.h
119 silly gunzTarPerm extractEntry include/Rcpp/api/meat/protection.h
120 silly gunzTarPerm extractEntry include/Rcpp/api/meat/wrap.h
121 silly gunzTarPerm extractEntry include/Rcpp/as.h
122 silly gunzTarPerm extractEntry include/Rcpp/barrier.h
123 silly gunzTarPerm extractEntry include/Rcpp/clone.h
124 silly gunzTarPerm extractEntry include/Rcpp/complex.h
125 silly gunzTarPerm extractEntry include/Rcpp/config.h
126 silly gunzTarPerm extractEntry include/Rcpp/exceptions.h
127 silly gunzTarPerm extractEntry include/Rcpp/generated/DataFrame_generated.h
128 silly gunzTarPerm extractEntry include/Rcpp/generated/DottedPair__ctors.h
129 silly gunzTarPerm extractEntry include/Rcpp/generated/Function__operator.h
130 silly gunzTarPerm extractEntry include/Rcpp/generated/InternalFunction__ctors.h
131 silly gunzTarPerm extractEntry include/Rcpp/generated/Language__ctors.h
132 silly gunzTarPerm extractEntry include/Rcpp/generated/Pairlist__ctors.h
133 silly gunzTarPerm extractEntry include/Rcpp/generated/Vector__create.h
134 silly gunzTarPerm extractEntry include/Rcpp/generated/grow__pairlist.h
135 silly gunzTarPerm extractEntry include/Rcpp/grow.h
136 silly gunzTarPerm extractEntry include/Rcpp/hash/IndexHash.h
137 silly gunzTarPerm extractEntry include/Rcpp/hash/SelfHash.h
138 silly gunzTarPerm extractEntry include/Rcpp/hash/hash.h
139 silly gunzTarPerm extractEntry include/Rcpp/internal/caster.h
140 silly gunzTarPerm extractEntry include/Rcpp/internal/Exporter.h
141 silly gunzTarPerm extractEntry include/Rcpp/internal/ListInitialization.h
142 silly gunzTarPerm extractEntry include/Rcpp/internal/NAComparator.h
143 silly gunzTarPerm extractEntry include/Rcpp/internal/NAEquals.h
144 silly gunzTarPerm extractEntry include/Rcpp/internal/Proxy_Iterator.h
145 silly gunzTarPerm extractEntry include/Rcpp/internal/SEXP_Iterator.h
146 silly gunzTarPerm extractEntry include/Rcpp/internal/GreedyVector.h
147 silly gunzTarPerm extractEntry include/Rcpp/internal/converter.h
148 silly gunzTarPerm extractEntry include/Rcpp/internal/export.h
149 silly gunzTarPerm extractEntry include/Rcpp/internal/na.h
150 silly gunzTarPerm extractEntry include/Rcpp/internal/r_coerce.h
151 silly gunzTarPerm extractEntry include/Rcpp/internal/r_vector.h
152 silly gunzTarPerm extractEntry include/Rcpp/internal/wrap.h
153 silly gunzTarPerm extractEntry include/Rcpp/internal/wrap_end.h
154 silly gunzTarPerm extractEntry include/Rcpp/iostream/Rstreambuf.h
155 silly gunzTarPerm extractEntry include/Rcpp/is.h
156 silly gunzTarPerm extractEntry include/Rcpp/lang.h
157 silly gunzTarPerm extractEntry include/Rcpp/longlong.h
158 silly gunzTarPerm extractEntry include/Rcpp/macros/macros.h
159 silly gunzTarPerm extractEntry include/Rcpp/macros/cat.hpp
160 silly gunzTarPerm extractEntry include/Rcpp/macros/debug.h
161 silly gunzTarPerm extractEntry include/Rcpp/macros/dispatch.h
162 silly gunzTarPerm extractEntry include/Rcpp/macros/interface.h
163 silly gunzTarPerm extractEntry include/Rcpp/macros/config.hpp
164 silly gunzTarPerm extractEntry include/Rcpp/macros/module.h
165 silly gunzTarPerm extractEntry include/Rcpp/macros/preprocessor_generated.h
166 silly gunzTarPerm extractEntry include/Rcpp/macros/traits.h
167 silly gunzTarPerm extractEntry include/Rcpp/macros/unroll.h
168 silly gunzTarPerm extractEntry include/Rcpp/macros/xp.h
169 silly gunzTarPerm extractEntry include/Rcpp/module/Module_generated_Pointer_method.h
170 silly gunzTarPerm extractEntry include/Rcpp/module/CppFunction.h
171 silly gunzTarPerm extractEntry include/Rcpp/module/Module_Add_Property.h
172 silly gunzTarPerm extractEntry include/Rcpp/module/Module_Field.h
173 silly gunzTarPerm extractEntry include/Rcpp/module/Module_Property.h
174 silly gunzTarPerm extractEntry include/Rcpp/module/Module_generated_Constructor.h
175 silly gunzTarPerm extractEntry include/Rcpp/module/Module_generated_CppFunction.h
176 silly gunzTarPerm extractEntry include/Rcpp/module/Module_generated_CppMethod.h
177 silly gunzTarPerm extractEntry include/Rcpp/module/Module_generated_Factory.h
178 silly gunzTarPerm extractEntry include/Rcpp/module/Module_generated_Pointer_CppMethod.h
179 silly gunzTarPerm extractEntry include/Rcpp/module/Module.h
180 silly gunzTarPerm extractEntry include/Rcpp/module/Module_generated_class_constructor.h
181 silly gunzTarPerm extractEntry include/Rcpp/module/Module_generated_class_factory.h
182 silly gunzTarPerm extractEntry include/Rcpp/module/Module_generated_class_signature.h
183 silly gunzTarPerm extractEntry include/Rcpp/module/Module_generated_ctor_signature.h
184 silly gunzTarPerm extractEntry include/Rcpp/module/Module_generated_function.h
185 silly gunzTarPerm extractEntry include/Rcpp/module/Module_generated_get_signature.h
186 silly gunzTarPerm extractEntry include/Rcpp/module/Module_generated_method.h
187 silly gunzTarPerm extractEntry include/Rcpp/module/class.h
188 silly gunzTarPerm extractEntry include/Rcpp/module/class_Base.h
189 silly gunzTarPerm extractEntry include/Rcpp/module/get_return_type.h
190 silly gunzTarPerm extractEntry include/Rcpp/platform/compiler.h
191 silly gunzTarPerm extractEntry include/Rcpp/platform/solaris.h
192 silly gunzTarPerm extractEntry include/Rcpp/protection/Armor.h
193 silly gunzTarPerm extractEntry include/Rcpp/protection/Shelter.h
194 silly gunzTarPerm extractEntry include/Rcpp/protection/Shield.h
195 silly gunzTarPerm extractEntry include/Rcpp/protection/protection.h
196 silly gunzTarPerm extractEntry include/Rcpp/proxy/NamesProxy.h
197 silly gunzTarPerm extractEntry include/Rcpp/proxy/AttributeProxy.h
198 silly gunzTarPerm extractEntry include/Rcpp/proxy/DottedPairProxy.h
199 silly gunzTarPerm extractEntry include/Rcpp/proxy/FieldProxy.h
200 silly gunzTarPerm extractEntry include/Rcpp/proxy/GenericProxy.h
201 silly gunzTarPerm extractEntry include/Rcpp/proxy/Binding.h
202 silly gunzTarPerm extractEntry include/Rcpp/proxy/ProtectedProxy.h
203 silly gunzTarPerm extractEntry include/Rcpp/proxy/RObjectMethods.h
204 silly gunzTarPerm extractEntry include/Rcpp/proxy/SlotProxy.h
205 silly gunzTarPerm extractEntry include/Rcpp/proxy/TagProxy.h
206 silly gunzTarPerm extractEntry include/Rcpp/proxy/proxy.h
207 silly gunzTarPerm extractEntry include/Rcpp/r_cast.h
208 silly gunzTarPerm extractEntry include/Rcpp/routines.h
209 silly gunzTarPerm extractEntry include/Rcpp/sprintf.h
210 silly gunzTarPerm extractEntry include/Rcpp/stats/nbeta.h
211 silly gunzTarPerm extractEntry include/Rcpp/stats/beta.h
212 silly gunzTarPerm extractEntry include/Rcpp/stats/cauchy.h
213 silly gunzTarPerm extractEntry include/Rcpp/stats/chisq.h
214 silly gunzTarPerm extractEntry include/Rcpp/stats/dpq/dpq.h
215 silly gunzTarPerm extractEntry include/Rcpp/stats/dpq/macros.h
216 silly gunzTarPerm extractEntry include/Rcpp/stats/exp.h
217 silly gunzTarPerm extractEntry include/Rcpp/stats/f.h
218 silly gunzTarPerm extractEntry include/Rcpp/stats/gamma.h
219 silly gunzTarPerm extractEntry include/Rcpp/stats/geom.h
220 silly gunzTarPerm extractEntry include/Rcpp/stats/hyper.h
221 silly gunzTarPerm extractEntry include/Rcpp/stats/lnorm.h
222 silly gunzTarPerm extractEntry include/Rcpp/stats/logis.h
223 silly gunzTarPerm extractEntry include/Rcpp/stats/binom.h
224 silly gunzTarPerm extractEntry include/Rcpp/stats/nbinom.h
225 silly gunzTarPerm extractEntry include/Rcpp/stats/nbinom_mu.h
226 silly gunzTarPerm extractEntry include/Rcpp/stats/nchisq.h
227 silly gunzTarPerm extractEntry include/Rcpp/stats/nf.h
228 silly gunzTarPerm extractEntry include/Rcpp/stats/norm.h
229 silly gunzTarPerm extractEntry include/Rcpp/stats/nt.h
230 silly gunzTarPerm extractEntry include/Rcpp/stats/pois.h
231 silly gunzTarPerm extractEntry include/Rcpp/stats/random/rlogis.h
232 silly gunzTarPerm extractEntry include/Rcpp/stats/random/random.h
233 silly gunzTarPerm extractEntry include/Rcpp/stats/random/rbinom.h
234 silly gunzTarPerm extractEntry include/Rcpp/stats/random/rcauchy.h
235 silly gunzTarPerm extractEntry include/Rcpp/stats/random/rchisq.h
236 silly gunzTarPerm extractEntry include/Rcpp/stats/random/rexp.h
237 silly gunzTarPerm extractEntry include/Rcpp/stats/random/rf.h
238 silly gunzTarPerm extractEntry include/Rcpp/stats/random/rgamma.h
239 silly gunzTarPerm extractEntry include/Rcpp/stats/random/rgeom.h
240 silly gunzTarPerm extractEntry include/Rcpp/stats/random/rhyper.h
241 silly gunzTarPerm extractEntry include/Rcpp/stats/random/rlnorm.h
242 silly gunzTarPerm extractEntry include/Rcpp/stats/random/rbeta.h
243 silly gunzTarPerm extractEntry include/Rcpp/stats/random/rnbinom.h
244 silly gunzTarPerm extractEntry include/Rcpp/stats/random/rnbinom_mu.h
245 silly gunzTarPerm extractEntry include/Rcpp/stats/random/rnchisq.h
246 silly gunzTarPerm extractEntry include/Rcpp/stats/random/rnorm.h
247 silly gunzTarPerm extractEntry include/Rcpp/stats/random/rpois.h
248 silly gunzTarPerm extractEntry include/Rcpp/stats/random/rsignrank.h
249 silly gunzTarPerm extractEntry include/Rcpp/stats/random/rt.h
250 silly gunzTarPerm extractEntry include/Rcpp/stats/random/runif.h
251 silly gunzTarPerm extractEntry include/Rcpp/stats/random/rweibull.h
252 silly gunzTarPerm extractEntry include/Rcpp/stats/random/rwilcox.h
253 silly gunzTarPerm extractEntry include/Rcpp/stats/stats.h
254 silly gunzTarPerm extractEntry include/Rcpp/stats/t.h
255 silly gunzTarPerm extractEntry include/Rcpp/stats/unif.h
256 silly gunzTarPerm extractEntry include/Rcpp/stats/weibull.h
257 silly gunzTarPerm extractEntry include/Rcpp/storage/NoProtectStorage.h
258 silly gunzTarPerm extractEntry include/Rcpp/storage/PreserveStorage.h
259 silly gunzTarPerm extractEntry include/Rcpp/storage/storage.h
260 silly gunzTarPerm extractEntry include/Rcpp/sugar/operators/not.h
261 silly gunzTarPerm extractEntry include/Rcpp/sugar/operators/Comparator.h
262 silly gunzTarPerm extractEntry include/Rcpp/sugar/operators/divides.h
263 silly gunzTarPerm extractEntry include/Rcpp/sugar/operators/logical_operators__Vector__Vector.h
264 silly gunzTarPerm extractEntry include/Rcpp/sugar/operators/logical_operators__Vector__primitive.h
265 silly gunzTarPerm extractEntry include/Rcpp/sugar/operators/minus.h
266 silly gunzTarPerm extractEntry include/Rcpp/sugar/operators/Comparator_With_One_Value.h
267 silly gunzTarPerm extractEntry include/Rcpp/sugar/operators/operators.h
268 silly gunzTarPerm extractEntry include/Rcpp/sugar/operators/plus.h
269 silly gunzTarPerm extractEntry include/Rcpp/sugar/operators/r_binary_op.h
270 silly gunzTarPerm extractEntry include/Rcpp/sugar/operators/times.h
271 silly gunzTarPerm extractEntry include/Rcpp/sugar/operators/unary_minus.h
272 silly gunzTarPerm extractEntry include/Rcpp/sugar/Range.h
273 silly gunzTarPerm extractEntry include/Rcpp/sugar/functions/na_omit.h
274 silly gunzTarPerm extractEntry include/Rcpp/sugar/functions/Lazy.h
275 silly gunzTarPerm extractEntry include/Rcpp/sugar/functions/any.h
276 silly gunzTarPerm extractEntry include/Rcpp/sugar/functions/clamp.h
277 silly gunzTarPerm extractEntry include/Rcpp/sugar/functions/complex.h
278 silly gunzTarPerm extractEntry include/Rcpp/sugar/functions/cumsum.h
279 silly gunzTarPerm extractEntry include/Rcpp/sugar/functions/diff.h
280 silly gunzTarPerm extractEntry include/Rcpp/sugar/functions/duplicated.h
281 silly gunzTarPerm extractEntry include/Rcpp/sugar/functions/functions.h
282 silly gunzTarPerm extractEntry include/Rcpp/sugar/functions/head.h
283 silly gunzTarPerm extractEntry include/Rcpp/sugar/functions/ifelse.h
284 silly gunzTarPerm extractEntry include/Rcpp/sugar/functions/is_finite.h
285 silly gunzTarPerm extractEntry include/Rcpp/sugar/functions/is_infinite.h
286 silly gunzTarPerm extractEntry include/Rcpp/sugar/functions/is_na.h
287 silly gunzTarPerm extractEntry include/Rcpp/sugar/functions/is_nan.h
288 silly gunzTarPerm extractEntry include/Rcpp/sugar/functions/lapply.h
289 silly gunzTarPerm extractEntry include/Rcpp/sugar/functions/mapply/mapply_2.h
290 silly gunzTarPerm extractEntry include/Rcpp/sugar/functions/mapply/mapply_3.h
291 silly gunzTarPerm extractEntry include/Rcpp/sugar/functions/mapply.h
292 silly gunzTarPerm extractEntry include/Rcpp/sugar/functions/match.h
293 silly gunzTarPerm extractEntry include/Rcpp/sugar/functions/math.h
294 silly gunzTarPerm extractEntry include/Rcpp/sugar/functions/max.h
295 silly gunzTarPerm extractEntry include/Rcpp/sugar/functions/mean.h
296 silly gunzTarPerm extractEntry include/Rcpp/sugar/functions/min.h
297 silly gunzTarPerm extractEntry include/Rcpp/sugar/functions/all.h
298 silly gunzTarPerm extractEntry include/Rcpp/sugar/functions/pmax.h
299 silly gunzTarPerm extractEntry include/Rcpp/sugar/functions/pmin.h
300 silly gunzTarPerm extractEntry include/Rcpp/sugar/functions/pow.h
301 silly gunzTarPerm extractEntry include/Rcpp/sugar/functions/range.h
302 silly gunzTarPerm extractEntry include/Rcpp/sugar/functions/rep.h
303 silly gunzTarPerm extractEntry include/Rcpp/sugar/functions/rep_each.h
304 silly gunzTarPerm extractEntry include/Rcpp/sugar/functions/rep_len.h
305 silly gunzTarPerm extractEntry include/Rcpp/sugar/functions/rev.h
306 silly gunzTarPerm extractEntry include/Rcpp/sugar/functions/sapply.h
307 silly gunzTarPerm extractEntry include/Rcpp/sugar/functions/sd.h
308 silly gunzTarPerm extractEntry include/Rcpp/sugar/functions/self_match.h
309 silly gunzTarPerm extractEntry include/Rcpp/sugar/functions/seq_along.h
310 silly gunzTarPerm extractEntry include/Rcpp/sugar/functions/setdiff.h
311 silly gunzTarPerm extractEntry include/Rcpp/sugar/functions/sign.h
312 silly gunzTarPerm extractEntry include/Rcpp/sugar/functions/strings/collapse.h
313 silly gunzTarPerm extractEntry include/Rcpp/sugar/functions/strings/strings.h
314 silly gunzTarPerm extractEntry include/Rcpp/sugar/functions/sum.h
315 silly gunzTarPerm extractEntry include/Rcpp/sugar/functions/table.h
316 silly gunzTarPerm extractEntry include/Rcpp/sugar/functions/tail.h
317 silly gunzTarPerm extractEntry include/Rcpp/sugar/functions/unique.h
318 silly gunzTarPerm extractEntry include/Rcpp/sugar/functions/var.h
319 silly gunzTarPerm extractEntry include/Rcpp/sugar/functions/which_max.h
320 silly gunzTarPerm extractEntry include/Rcpp/sugar/functions/which_min.h
321 silly gunzTarPerm extractEntry include/Rcpp/sugar/logical/SingleLogicalResult.h
322 silly gunzTarPerm extractEntry include/Rcpp/sugar/logical/and.h
323 silly gunzTarPerm extractEntry include/Rcpp/sugar/logical/can_have_na.h
324 silly gunzTarPerm extractEntry include/Rcpp/sugar/logical/is.h
325 silly gunzTarPerm extractEntry include/Rcpp/sugar/logical/logical.h
326 silly gunzTarPerm extractEntry include/Rcpp/sugar/logical/not.h
327 silly gunzTarPerm extractEntry include/Rcpp/sugar/logical/or.h
328 silly gunzTarPerm extractEntry include/Rcpp/sugar/matrix/as_vector.h
329 silly gunzTarPerm extractEntry include/Rcpp/sugar/matrix/col.h
330 silly gunzTarPerm extractEntry include/Rcpp/sugar/matrix/diag.h
331 silly gunzTarPerm extractEntry include/Rcpp/sugar/matrix/lower_tri.h
332 silly gunzTarPerm extractEntry include/Rcpp/sugar/matrix/matrix_functions.h
333 silly gunzTarPerm extractEntry include/Rcpp/sugar/matrix/outer.h
334 silly gunzTarPerm extractEntry include/Rcpp/sugar/matrix/row.h
335 silly gunzTarPerm extractEntry include/Rcpp/sugar/matrix/tools.h
336 silly gunzTarPerm extractEntry include/Rcpp/sugar/matrix/upper_tri.h
337 silly gunzTarPerm extractEntry include/Rcpp/sugar/nona/nona.h
338 silly gunzTarPerm extractEntry include/Rcpp/sugar/block/SugarBlock_1.h
339 silly gunzTarPerm extractEntry include/Rcpp/sugar/block/SugarBlock_2.h
340 silly gunzTarPerm extractEntry include/Rcpp/sugar/block/SugarBlock_3.h
341 silly gunzTarPerm extractEntry include/Rcpp/sugar/block/SugarMath.h
342 silly gunzTarPerm extractEntry include/Rcpp/sugar/block/Vectorized_Math.h
343 silly gunzTarPerm extractEntry include/Rcpp/sugar/block/block.h
344 silly gunzTarPerm extractEntry include/Rcpp/sugar/sets.h
345 silly gunzTarPerm extractEntry include/Rcpp/sugar/sugar.h
346 silly gunzTarPerm extractEntry include/Rcpp/sugar/sugar_forward.h
347 silly gunzTarPerm extractEntry include/Rcpp/sugar/tools/iterator.h
348 silly gunzTarPerm extractEntry include/Rcpp/sugar/undoRmath.h
349 silly gunzTarPerm extractEntry include/Rcpp/traits/is_sugar_expression.h
350 silly gunzTarPerm extractEntry include/Rcpp/traits/char_type.h
351 silly gunzTarPerm extractEntry include/Rcpp/traits/get_na.h
352 silly gunzTarPerm extractEntry include/Rcpp/traits/has_iterator.h
353 silly gunzTarPerm extractEntry include/Rcpp/traits/has_na.h
354 silly gunzTarPerm extractEntry include/Rcpp/traits/if_.h
355 silly gunzTarPerm extractEntry include/Rcpp/traits/init_type.h
356 silly gunzTarPerm extractEntry include/Rcpp/traits/integral_constant.h
357 silly gunzTarPerm extractEntry include/Rcpp/traits/is_const.h
358 silly gunzTarPerm extractEntry include/Rcpp/traits/is_convertible.h
359 silly gunzTarPerm extractEntry include/Rcpp/traits/is_eigen_base.h
360 silly gunzTarPerm extractEntry include/Rcpp/traits/is_finite.h
361 silly gunzTarPerm extractEntry include/Rcpp/traits/is_infinite.h
362 silly gunzTarPerm extractEntry include/Rcpp/traits/is_module_object.h
363 silly gunzTarPerm extractEntry include/Rcpp/traits/is_na.h
364 silly gunzTarPerm extractEntry include/Rcpp/traits/is_nan.h
365 silly gunzTarPerm extractEntry include/Rcpp/traits/is_pointer.h
366 silly gunzTarPerm extractEntry include/Rcpp/traits/is_primitive.h
367 silly gunzTarPerm extractEntry include/Rcpp/traits/is_reference.h
368 silly gunzTarPerm extractEntry include/Rcpp/traits/expands_to_logical.h
369 silly gunzTarPerm extractEntry include/Rcpp/traits/is_trivial.h
370 silly gunzTarPerm extractEntry include/Rcpp/traits/is_wide_string.h
371 silly gunzTarPerm extractEntry include/Rcpp/traits/longlong.h
372 silly gunzTarPerm extractEntry include/Rcpp/traits/matrix_interface.h
373 silly gunzTarPerm extractEntry include/Rcpp/traits/module_wrap_traits.h
374 silly gunzTarPerm extractEntry include/Rcpp/traits/named_object.h
375 silly gunzTarPerm extractEntry include/Rcpp/traits/num2type.h
376 silly gunzTarPerm extractEntry include/Rcpp/traits/r_sexptype_traits.h
377 silly gunzTarPerm extractEntry include/Rcpp/traits/r_type_traits.h
378 silly gunzTarPerm extractEntry include/Rcpp/traits/remove_const.h
379 silly gunzTarPerm extractEntry include/Rcpp/traits/remove_const_and_reference.h
380 silly gunzTarPerm extractEntry include/Rcpp/traits/remove_reference.h
381 silly gunzTarPerm extractEntry include/Rcpp/traits/result_of.h
382 silly gunzTarPerm extractEntry include/Rcpp/traits/same_type.h
383 silly gunzTarPerm extractEntry include/Rcpp/traits/storage_type.h
384 silly gunzTarPerm extractEntry include/Rcpp/traits/traits.h
385 silly gunzTarPerm extractEntry include/Rcpp/traits/un_pointer.h
386 silly gunzTarPerm extractEntry include/Rcpp/traits/wrap_type_traits.h
387 silly gunzTarPerm extractEntry include/Rcpp/vector/VectorBase.h
388 silly gunzTarPerm extractEntry include/Rcpp/vector/00_forward_Vector.h
389 silly gunzTarPerm extractEntry include/Rcpp/vector/LazyVector.h
390 silly gunzTarPerm extractEntry include/Rcpp/vector/Matrix.h
391 silly gunzTarPerm extractEntry include/Rcpp/vector/MatrixBase.h
392 silly gunzTarPerm extractEntry include/Rcpp/vector/MatrixColumn.h
393 silly gunzTarPerm extractEntry include/Rcpp/vector/MatrixRow.h
394 silly gunzTarPerm extractEntry include/Rcpp/vector/RangeIndexer.h
395 silly gunzTarPerm extractEntry include/Rcpp/vector/SubMatrix.h
396 silly gunzTarPerm extractEntry include/Rcpp/vector/Subsetter.h
397 silly gunzTarPerm extractEntry include/Rcpp/vector/Vector.h
398 silly gunzTarPerm extractEntry include/Rcpp/vector/00_forward_proxy.h
399 silly gunzTarPerm extractEntry include/Rcpp/vector/const_generic_proxy.h
400 silly gunzTarPerm extractEntry include/Rcpp/vector/const_string_proxy.h
401 silly gunzTarPerm extractEntry include/Rcpp/vector/converter.h
402 silly gunzTarPerm extractEntry include/Rcpp/vector/generic_proxy.h
403 silly gunzTarPerm extractEntry include/Rcpp/vector/instantiation.h
404 silly gunzTarPerm extractEntry include/Rcpp/vector/no_init.h
405 silly gunzTarPerm extractEntry include/Rcpp/vector/proxy.h
406 silly gunzTarPerm extractEntry include/Rcpp/vector/string_proxy.h
407 silly gunzTarPerm extractEntry include/Rcpp/vector/swap.h
408 silly gunzTarPerm extractEntry include/Rcpp/vector/traits.h
409 silly gunzTarPerm extractEntry include/Rcpp/vector/vector_from_string.h
410 silly gunzTarPerm extractEntry include/Rcpp.h
411 silly gunzTarPerm extractEntry include/RcppCommon.h
412 silly gunzTarPerm extractEntry include/doxygen/Examples.h
413 silly gunzTarPerm extractEntry include/test.h
414 silly gunzTarPerm extractEntry lib/index.js
415 silly gunzTarPerm extractEntry src/helper.h
416 silly gunzTarPerm extractEntry src/rl.cpp
417 silly gunzTarPerm extractEntry src/rlink.cpp
418 silly gunzTarPerm extractEntry src/rlink.h
419 silly lockFile ddc6b499-00395-0-5656305949669331-package tar:///home/philipp/tmp/npm-29345-o2fD2C0u/1400127100395-0.5656305949669331/package
420 silly lockFile ddc6b499-00395-0-5656305949669331-package tar:///home/philipp/tmp/npm-29345-o2fD2C0u/1400127100395-0.5656305949669331/package
421 silly lockFile f1aa62a4-00395-0-5656305949669331-tmp-tgz tar:///home/philipp/tmp/npm-29345-o2fD2C0u/1400127100395-0.5656305949669331/tmp.tgz
422 silly lockFile f1aa62a4-00395-0-5656305949669331-tmp-tgz tar:///home/philipp/tmp/npm-29345-o2fD2C0u/1400127100395-0.5656305949669331/tmp.tgz
423 verbose tar pack [ '/home/philipp/.npm/rstats/0.0.1/package.tgz',
423 verbose tar pack   '/home/philipp/tmp/npm-29345-o2fD2C0u/1400127100395-0.5656305949669331/package' ]
424 verbose tarball /home/philipp/.npm/rstats/0.0.1/package.tgz
425 verbose folder /home/philipp/tmp/npm-29345-o2fD2C0u/1400127100395-0.5656305949669331/package
426 silly lockFile ddc6b499-00395-0-5656305949669331-package tar:///home/philipp/tmp/npm-29345-o2fD2C0u/1400127100395-0.5656305949669331/package
427 verbose lock tar:///home/philipp/tmp/npm-29345-o2fD2C0u/1400127100395-0.5656305949669331/package /home/philipp/.npm/ddc6b499-00395-0-5656305949669331-package.lock
428 silly lockFile b9b925ea-ipp-npm-rstats-0-0-1-package-tgz tar:///home/philipp/.npm/rstats/0.0.1/package.tgz
429 verbose lock tar:///home/philipp/.npm/rstats/0.0.1/package.tgz /home/philipp/.npm/b9b925ea-ipp-npm-rstats-0-0-1-package-tgz.lock
430 silly lockFile ddc6b499-00395-0-5656305949669331-package tar:///home/philipp/tmp/npm-29345-o2fD2C0u/1400127100395-0.5656305949669331/package
431 silly lockFile ddc6b499-00395-0-5656305949669331-package tar:///home/philipp/tmp/npm-29345-o2fD2C0u/1400127100395-0.5656305949669331/package
432 silly lockFile b9b925ea-ipp-npm-rstats-0-0-1-package-tgz tar:///home/philipp/.npm/rstats/0.0.1/package.tgz
433 silly lockFile b9b925ea-ipp-npm-rstats-0-0-1-package-tgz tar:///home/philipp/.npm/rstats/0.0.1/package.tgz
434 silly lockFile 444ac459-philipp-npm-rstats-0-0-1-package /home/philipp/.npm/rstats/0.0.1/package
435 verbose lock /home/philipp/.npm/rstats/0.0.1/package /home/philipp/.npm/444ac459-philipp-npm-rstats-0-0-1-package.lock
436 silly lockFile 444ac459-philipp-npm-rstats-0-0-1-package /home/philipp/.npm/rstats/0.0.1/package
437 silly lockFile 444ac459-philipp-npm-rstats-0-0-1-package /home/philipp/.npm/rstats/0.0.1/package
438 verbose tar unpack /home/philipp/.npm/rstats/0.0.1/package.tgz
439 silly lockFile 078d7df5-philipp-npm-rstats-0-0-1-package tar:///home/philipp/.npm/rstats/0.0.1/package
440 verbose lock tar:///home/philipp/.npm/rstats/0.0.1/package /home/philipp/.npm/078d7df5-philipp-npm-rstats-0-0-1-package.lock
441 silly lockFile b9b925ea-ipp-npm-rstats-0-0-1-package-tgz tar:///home/philipp/.npm/rstats/0.0.1/package.tgz
442 verbose lock tar:///home/philipp/.npm/rstats/0.0.1/package.tgz /home/philipp/.npm/b9b925ea-ipp-npm-rstats-0-0-1-package-tgz.lock
443 silly gunzTarPerm modes [ '755', '644' ]
444 silly gunzTarPerm extractEntry package.json
445 silly gunzTarPerm extractEntry README.md
446 silly gunzTarPerm extractEntry LICENSE
447 silly gunzTarPerm extractEntry start.js
448 silly gunzTarPerm extractEntry binding.gyp
449 silly gunzTarPerm extractEntry build/Makefile
450 silly gunzTarPerm extractEntry build/R.target.mk
451 silly gunzTarPerm extractEntry build/Release/.deps/Makefile.d
452 silly gunzTarPerm extractEntry build/Release/.deps/Release/R.node.d
453 silly gunzTarPerm extractEntry build/Release/.deps/Release/hello.node.d
454 silly gunzTarPerm extractEntry build/Release/.deps/Release/obj.target/R/hello.o.d
455 silly gunzTarPerm extractEntry build/Release/.deps/Release/obj.target/R/src/rl.o.d
456 silly gunzTarPerm extractEntry build/Release/.deps/Release/obj.target/R/src/rlink.o.d
457 silly gunzTarPerm extractEntry build/Release/.deps/Release/obj.target/R.node.d
458 silly gunzTarPerm extractEntry build/Release/.deps/Release/obj.target/hello/hello.o.d
459 silly gunzTarPerm extractEntry build/Release/.deps/Release/obj.target/hello.node.d
460 silly gunzTarPerm extractEntry build/Release/R.node
461 silly gunzTarPerm extractEntry build/Release/hello.node
462 silly gunzTarPerm extractEntry build/Release/linker.lock
463 silly gunzTarPerm extractEntry build/Release/obj.target/R/hello.o
464 silly gunzTarPerm extractEntry build/Release/obj.target/R/src/rl.o
465 silly gunzTarPerm extractEntry build/Release/obj.target/R/src/rlink.o
466 silly gunzTarPerm extractEntry build/Release/obj.target/R.node
467 silly gunzTarPerm extractEntry build/Release/obj.target/hello/hello.o
468 silly gunzTarPerm extractEntry build/Release/obj.target/hello.node
469 silly gunzTarPerm extractEntry build/binding.Makefile
470 silly gunzTarPerm extractEntry build/config.gypi
471 silly gunzTarPerm extractEntry build/hello.target.mk
472 silly gunzTarPerm extractEntry include/Callbacks.h
473 silly gunzTarPerm extractEntry include/MemBuf.h
474 silly gunzTarPerm extractEntry include/RInside.h
475 silly gunzTarPerm extractEntry include/RInsideCommon.h
476 silly gunzTarPerm extractEntry include/RInsideConfig.h
477 silly gunzTarPerm extractEntry include/Rcpp/Vector.h
478 silly gunzTarPerm extractEntry include/Rcpp/Benchmark/Timer.h
479 silly gunzTarPerm extractEntry include/Rcpp/Date.h
480 silly gunzTarPerm extractEntry include/Rcpp/DateVector.h
481 silly gunzTarPerm extractEntry include/Rcpp/Datetime.h
482 silly gunzTarPerm extractEntry include/Rcpp/DatetimeVector.h
483 silly gunzTarPerm extractEntry include/Rcpp/Dimension.h
484 silly gunzTarPerm extractEntry include/Rcpp/DottedPair.h
485 silly gunzTarPerm extractEntry include/Rcpp/DottedPairImpl.h
486 silly gunzTarPerm extractEntry include/Rcpp/Environment.h
487 silly gunzTarPerm extractEntry include/Rcpp/Extractor.h
488 silly gunzTarPerm extractEntry include/Rcpp/Fast.h
489 silly gunzTarPerm extractEntry include/Rcpp/Formula.h
490 silly gunzTarPerm extractEntry include/Rcpp/Function.h
491 silly gunzTarPerm extractEntry include/Rcpp/InputParameter.h
492 silly gunzTarPerm extractEntry include/Rcpp/InternalFunction.h
493 silly gunzTarPerm extractEntry include/Rcpp/Interrupt.h
494 silly gunzTarPerm extractEntry include/Rcpp/Language.h
495 silly gunzTarPerm extractEntry include/Rcpp/Module.h
496 silly gunzTarPerm extractEntry include/Rcpp/Na_Proxy.h
497 silly gunzTarPerm extractEntry include/Rcpp/Named.h
498 silly gunzTarPerm extractEntry include/Rcpp/Pairlist.h
499 silly gunzTarPerm extractEntry include/Rcpp/Promise.h
500 silly gunzTarPerm extractEntry include/Rcpp/RObject.h
501 silly gunzTarPerm extractEntry include/Rcpp/Reference.h
502 silly gunzTarPerm extractEntry include/Rcpp/Rmath.h
503 silly gunzTarPerm extractEntry include/Rcpp/S4.h
504 silly gunzTarPerm extractEntry include/Rcpp/StretchyList.h
505 silly gunzTarPerm extractEntry include/Rcpp/String.h
506 silly gunzTarPerm extractEntry include/Rcpp/StringTransformer.h
507 silly gunzTarPerm extractEntry include/Rcpp/Symbol.h
508 silly gunzTarPerm extractEntry include/Rcpp/DataFrame.h
509 silly gunzTarPerm extractEntry include/Rcpp/WeakReference.h
510 silly gunzTarPerm extractEntry include/Rcpp/XPtr.h
511 silly gunzTarPerm extractEntry include/Rcpp/algo.h
512 silly gunzTarPerm extractEntry include/Rcpp/api/bones/Date.h
513 silly gunzTarPerm extractEntry include/Rcpp/api/bones/Datetime.h
514 silly gunzTarPerm extractEntry include/Rcpp/api/bones/bones.h
515 silly gunzTarPerm extractEntry include/Rcpp/api/bones/wrap_extra_steps.h
516 silly gunzTarPerm extractEntry include/Rcpp/api/meat/StretchyList.h
517 silly gunzTarPerm extractEntry include/Rcpp/api/meat/DataFrame.h
518 silly gunzTarPerm extractEntry include/Rcpp/api/meat/Datetime.h
519 silly gunzTarPerm extractEntry include/Rcpp/api/meat/Dimension.h
520 silly gunzTarPerm extractEntry include/Rcpp/api/meat/DottedPairImpl.h
521 silly gunzTarPerm extractEntry include/Rcpp/api/meat/Environment.h
522 silly gunzTarPerm extractEntry include/Rcpp/api/meat/Rcpp_eval.h
523 silly gunzTarPerm extractEntry include/Rcpp/api/meat/S4.h
524 silly gunzTarPerm extractEntry include/Rcpp/api/meat/Date.h
525 silly gunzTarPerm extractEntry include/Rcpp/api/meat/Vector.h
526 silly gunzTarPerm extractEntry include/Rcpp/api/meat/as.h
527 silly gunzTarPerm extractEntry include/Rcpp/api/meat/export.h
528 silly gunzTarPerm extractEntry include/Rcpp/api/meat/is.h
529 silly gunzTarPerm extractEntry include/Rcpp/api/meat/meat.h
530 silly gunzTarPerm extractEntry include/Rcpp/api/meat/module/Module.h
531 silly gunzTarPerm extractEntry include/Rcpp/api/meat/protection.h
532 silly gunzTarPerm extractEntry include/Rcpp/api/meat/wrap.h
533 silly gunzTarPerm extractEntry include/Rcpp/as.h
534 silly gunzTarPerm extractEntry include/Rcpp/barrier.h
535 silly gunzTarPerm extractEntry include/Rcpp/clone.h
536 silly gunzTarPerm extractEntry include/Rcpp/complex.h
537 silly gunzTarPerm extractEntry include/Rcpp/config.h
538 silly gunzTarPerm extractEntry include/Rcpp/exceptions.h
539 silly gunzTarPerm extractEntry include/Rcpp/generated/DataFrame_generated.h
540 silly gunzTarPerm extractEntry include/Rcpp/generated/DottedPair__ctors.h
541 silly gunzTarPerm extractEntry include/Rcpp/generated/Function__operator.h
542 silly gunzTarPerm extractEntry include/Rcpp/generated/InternalFunction__ctors.h
543 silly gunzTarPerm extractEntry include/Rcpp/generated/Language__ctors.h
544 silly gunzTarPerm extractEntry include/Rcpp/generated/Pairlist__ctors.h
545 silly gunzTarPerm extractEntry include/Rcpp/generated/Vector__create.h
546 silly gunzTarPerm extractEntry include/Rcpp/generated/grow__pairlist.h
547 silly gunzTarPerm extractEntry include/Rcpp/grow.h
548 silly gunzTarPerm extractEntry include/Rcpp/hash/IndexHash.h
549 silly gunzTarPerm extractEntry include/Rcpp/hash/SelfHash.h
550 silly gunzTarPerm extractEntry include/Rcpp/hash/hash.h
551 silly gunzTarPerm extractEntry include/Rcpp/internal/caster.h
552 silly gunzTarPerm extractEntry include/Rcpp/internal/Exporter.h
553 silly gunzTarPerm extractEntry include/Rcpp/internal/ListInitialization.h
554 silly gunzTarPerm extractEntry include/Rcpp/internal/NAComparator.h
555 silly gunzTarPerm extractEntry include/Rcpp/internal/NAEquals.h
556 silly gunzTarPerm extractEntry include/Rcpp/internal/Proxy_Iterator.h
557 silly gunzTarPerm extractEntry include/Rcpp/internal/SEXP_Iterator.h
558 silly gunzTarPerm extractEntry include/Rcpp/internal/GreedyVector.h
559 silly gunzTarPerm extractEntry include/Rcpp/internal/converter.h
560 silly gunzTarPerm extractEntry include/Rcpp/internal/export.h
561 silly gunzTarPerm extractEntry include/Rcpp/internal/na.h
562 silly gunzTarPerm extractEntry include/Rcpp/internal/r_coerce.h
563 silly gunzTarPerm extractEntry include/Rcpp/internal/r_vector.h
564 silly gunzTarPerm extractEntry include/Rcpp/internal/wrap.h
565 silly gunzTarPerm extractEntry include/Rcpp/internal/wrap_end.h
566 silly gunzTarPerm extractEntry include/Rcpp/iostream/Rstreambuf.h
567 silly gunzTarPerm extractEntry include/Rcpp/is.h
568 silly gunzTarPerm extractEntry include/Rcpp/lang.h
569 silly gunzTarPerm extractEntry include/Rcpp/longlong.h
570 silly gunzTarPerm extractEntry include/Rcpp/macros/macros.h
571 silly gunzTarPerm extractEntry include/Rcpp/macros/cat.hpp
572 silly gunzTarPerm extractEntry include/Rcpp/macros/debug.h
573 silly gunzTarPerm extractEntry include/Rcpp/macros/dispatch.h
574 silly gunzTarPerm extractEntry include/Rcpp/macros/interface.h
575 silly gunzTarPerm extractEntry include/Rcpp/macros/config.hpp
576 silly gunzTarPerm extractEntry include/Rcpp/macros/module.h
577 silly gunzTarPerm extractEntry include/Rcpp/macros/preprocessor_generated.h
578 silly gunzTarPerm extractEntry include/Rcpp/macros/traits.h
579 silly gunzTarPerm extractEntry include/Rcpp/macros/unroll.h
580 silly gunzTarPerm extractEntry include/Rcpp/macros/xp.h
581 silly gunzTarPerm extractEntry include/Rcpp/module/Module_generated_Pointer_method.h
582 silly gunzTarPerm extractEntry include/Rcpp/module/CppFunction.h
583 silly gunzTarPerm extractEntry include/Rcpp/module/Module_Add_Property.h
584 silly gunzTarPerm extractEntry include/Rcpp/module/Module_Field.h
585 silly gunzTarPerm extractEntry include/Rcpp/module/Module_Property.h
586 silly gunzTarPerm extractEntry include/Rcpp/module/Module_generated_Constructor.h
587 silly gunzTarPerm extractEntry include/Rcpp/module/Module_generated_CppFunction.h
588 silly gunzTarPerm extractEntry include/Rcpp/module/Module_generated_CppMethod.h
589 silly gunzTarPerm extractEntry include/Rcpp/module/Module_generated_Factory.h
590 silly gunzTarPerm extractEntry include/Rcpp/module/Module_generated_Pointer_CppMethod.h
591 silly gunzTarPerm extractEntry include/Rcpp/module/Module.h
592 silly gunzTarPerm extractEntry include/Rcpp/module/Module_generated_class_constructor.h
593 silly gunzTarPerm extractEntry include/Rcpp/module/Module_generated_class_factory.h
594 silly gunzTarPerm extractEntry include/Rcpp/module/Module_generated_class_signature.h
595 silly gunzTarPerm extractEntry include/Rcpp/module/Module_generated_ctor_signature.h
596 silly gunzTarPerm extractEntry include/Rcpp/module/Module_generated_function.h
597 silly gunzTarPerm extractEntry include/Rcpp/module/Module_generated_get_signature.h
598 silly gunzTarPerm extractEntry include/Rcpp/module/Module_generated_method.h
599 silly gunzTarPerm extractEntry include/Rcpp/module/class.h
600 silly gunzTarPerm extractEntry include/Rcpp/module/class_Base.h
601 silly gunzTarPerm extractEntry include/Rcpp/module/get_return_type.h
602 silly gunzTarPerm extractEntry include/Rcpp/platform/compiler.h
603 silly gunzTarPerm extractEntry include/Rcpp/platform/solaris.h
604 silly gunzTarPerm extractEntry include/Rcpp/protection/Armor.h
605 silly gunzTarPerm extractEntry include/Rcpp/protection/Shelter.h
606 silly gunzTarPerm extractEntry include/Rcpp/protection/Shield.h
607 silly gunzTarPerm extractEntry include/Rcpp/protection/protection.h
608 silly gunzTarPerm extractEntry include/Rcpp/proxy/NamesProxy.h
609 silly gunzTarPerm extractEntry include/Rcpp/proxy/AttributeProxy.h
610 silly gunzTarPerm extractEntry include/Rcpp/proxy/DottedPairProxy.h
611 silly gunzTarPerm extractEntry include/Rcpp/proxy/FieldProxy.h
612 silly gunzTarPerm extractEntry include/Rcpp/proxy/GenericProxy.h
613 silly gunzTarPerm extractEntry include/Rcpp/proxy/Binding.h
614 silly gunzTarPerm extractEntry include/Rcpp/proxy/ProtectedProxy.h
615 silly gunzTarPerm extractEntry include/Rcpp/proxy/RObjectMethods.h
616 silly gunzTarPerm extractEntry include/Rcpp/proxy/SlotProxy.h
617 silly gunzTarPerm extractEntry include/Rcpp/proxy/TagProxy.h
618 silly gunzTarPerm extractEntry include/Rcpp/proxy/proxy.h
619 silly gunzTarPerm extractEntry include/Rcpp/r_cast.h
620 silly gunzTarPerm extractEntry include/Rcpp/routines.h
621 silly gunzTarPerm extractEntry include/Rcpp/sprintf.h
622 silly gunzTarPerm extractEntry include/Rcpp/stats/nbeta.h
623 silly gunzTarPerm extractEntry include/Rcpp/stats/beta.h
624 silly gunzTarPerm extractEntry include/Rcpp/stats/cauchy.h
625 silly gunzTarPerm extractEntry include/Rcpp/stats/chisq.h
626 silly gunzTarPerm extractEntry include/Rcpp/stats/dpq/dpq.h
627 silly gunzTarPerm extractEntry include/Rcpp/stats/dpq/macros.h
628 silly gunzTarPerm extractEntry include/Rcpp/stats/exp.h
629 silly gunzTarPerm extractEntry include/Rcpp/stats/f.h
630 silly gunzTarPerm extractEntry include/Rcpp/stats/gamma.h
631 silly gunzTarPerm extractEntry include/Rcpp/stats/geom.h
632 silly gunzTarPerm extractEntry include/Rcpp/stats/hyper.h
633 silly gunzTarPerm extractEntry include/Rcpp/stats/lnorm.h
634 silly gunzTarPerm extractEntry include/Rcpp/stats/logis.h
635 silly gunzTarPerm extractEntry include/Rcpp/stats/binom.h
636 silly gunzTarPerm extractEntry include/Rcpp/stats/nbinom.h
637 silly gunzTarPerm extractEntry include/Rcpp/stats/nbinom_mu.h
638 silly gunzTarPerm extractEntry include/Rcpp/stats/nchisq.h
639 silly gunzTarPerm extractEntry include/Rcpp/stats/nf.h
640 silly gunzTarPerm extractEntry include/Rcpp/stats/norm.h
641 silly gunzTarPerm extractEntry include/Rcpp/stats/nt.h
642 silly gunzTarPerm extractEntry include/Rcpp/stats/pois.h
643 silly gunzTarPerm extractEntry include/Rcpp/stats/random/rlogis.h
644 silly gunzTarPerm extractEntry include/Rcpp/stats/random/random.h
645 silly gunzTarPerm extractEntry include/Rcpp/stats/random/rbinom.h
646 silly gunzTarPerm extractEntry include/Rcpp/stats/random/rcauchy.h
647 silly gunzTarPerm extractEntry include/Rcpp/stats/random/rchisq.h
648 silly gunzTarPerm extractEntry include/Rcpp/stats/random/rexp.h
649 silly gunzTarPerm extractEntry include/Rcpp/stats/random/rf.h
650 silly gunzTarPerm extractEntry include/Rcpp/stats/random/rgamma.h
651 silly gunzTarPerm extractEntry include/Rcpp/stats/random/rgeom.h
652 silly gunzTarPerm extractEntry include/Rcpp/stats/random/rhyper.h
653 silly gunzTarPerm extractEntry include/Rcpp/stats/random/rlnorm.h
654 silly gunzTarPerm extractEntry include/Rcpp/stats/random/rbeta.h
655 silly gunzTarPerm extractEntry include/Rcpp/stats/random/rnbinom.h
656 silly gunzTarPerm extractEntry include/Rcpp/stats/random/rnbinom_mu.h
657 silly gunzTarPerm extractEntry include/Rcpp/stats/random/rnchisq.h
658 silly gunzTarPerm extractEntry include/Rcpp/stats/random/rnorm.h
659 silly gunzTarPerm extractEntry include/Rcpp/stats/random/rpois.h
660 silly gunzTarPerm extractEntry include/Rcpp/stats/random/rsignrank.h
661 silly gunzTarPerm extractEntry include/Rcpp/stats/random/rt.h
662 silly gunzTarPerm extractEntry include/Rcpp/stats/random/runif.h
663 silly gunzTarPerm extractEntry include/Rcpp/stats/random/rweibull.h
664 silly gunzTarPerm extractEntry include/Rcpp/stats/random/rwilcox.h
665 silly gunzTarPerm extractEntry include/Rcpp/stats/stats.h
666 silly gunzTarPerm extractEntry include/Rcpp/stats/t.h
667 silly gunzTarPerm extractEntry include/Rcpp/stats/unif.h
668 silly gunzTarPerm extractEntry include/Rcpp/stats/weibull.h
669 silly gunzTarPerm extractEntry include/Rcpp/storage/NoProtectStorage.h
670 silly gunzTarPerm extractEntry include/Rcpp/storage/PreserveStorage.h
671 silly gunzTarPerm extractEntry include/Rcpp/storage/storage.h
672 silly gunzTarPerm extractEntry include/Rcpp/sugar/operators/not.h
673 silly gunzTarPerm extractEntry include/Rcpp/sugar/operators/Comparator.h
674 silly gunzTarPerm extractEntry include/Rcpp/sugar/operators/divides.h
675 silly gunzTarPerm extractEntry include/Rcpp/sugar/operators/logical_operators__Vector__Vector.h
676 silly gunzTarPerm extractEntry include/Rcpp/sugar/operators/logical_operators__Vector__primitive.h
677 silly gunzTarPerm extractEntry include/Rcpp/sugar/operators/minus.h
678 silly gunzTarPerm extractEntry include/Rcpp/sugar/operators/Comparator_With_One_Value.h
679 silly gunzTarPerm extractEntry include/Rcpp/sugar/operators/operators.h
680 silly gunzTarPerm extractEntry include/Rcpp/sugar/operators/plus.h
681 silly gunzTarPerm extractEntry include/Rcpp/sugar/operators/r_binary_op.h
682 silly gunzTarPerm extractEntry include/Rcpp/sugar/operators/times.h
683 silly gunzTarPerm extractEntry include/Rcpp/sugar/operators/unary_minus.h
684 silly gunzTarPerm extractEntry include/Rcpp/sugar/Range.h
685 silly gunzTarPerm extractEntry include/Rcpp/sugar/functions/na_omit.h
686 silly gunzTarPerm extractEntry include/Rcpp/sugar/functions/Lazy.h
687 silly gunzTarPerm extractEntry include/Rcpp/sugar/functions/any.h
688 silly gunzTarPerm extractEntry include/Rcpp/sugar/functions/clamp.h
689 silly gunzTarPerm extractEntry include/Rcpp/sugar/functions/complex.h
690 silly gunzTarPerm extractEntry include/Rcpp/sugar/functions/cumsum.h
691 silly gunzTarPerm extractEntry include/Rcpp/sugar/functions/diff.h
692 silly gunzTarPerm extractEntry include/Rcpp/sugar/functions/duplicated.h
693 silly gunzTarPerm extractEntry include/Rcpp/sugar/functions/functions.h
694 silly gunzTarPerm extractEntry include/Rcpp/sugar/functions/head.h
695 silly gunzTarPerm extractEntry include/Rcpp/sugar/functions/ifelse.h
696 silly gunzTarPerm extractEntry include/Rcpp/sugar/functions/is_finite.h
697 silly gunzTarPerm extractEntry include/Rcpp/sugar/functions/is_infinite.h
698 silly gunzTarPerm extractEntry include/Rcpp/sugar/functions/is_na.h
699 silly gunzTarPerm extractEntry include/Rcpp/sugar/functions/is_nan.h
700 silly gunzTarPerm extractEntry include/Rcpp/sugar/functions/lapply.h
701 silly gunzTarPerm extractEntry include/Rcpp/sugar/functions/mapply/mapply_2.h
702 silly gunzTarPerm extractEntry include/Rcpp/sugar/functions/mapply/mapply_3.h
703 silly gunzTarPerm extractEntry include/Rcpp/sugar/functions/mapply.h
704 silly gunzTarPerm extractEntry include/Rcpp/sugar/functions/match.h
705 silly gunzTarPerm extractEntry include/Rcpp/sugar/functions/math.h
706 silly gunzTarPerm extractEntry include/Rcpp/sugar/functions/max.h
707 silly gunzTarPerm extractEntry include/Rcpp/sugar/functions/mean.h
708 silly gunzTarPerm extractEntry include/Rcpp/sugar/functions/min.h
709 silly gunzTarPerm extractEntry include/Rcpp/sugar/functions/all.h
710 silly gunzTarPerm extractEntry include/Rcpp/sugar/functions/pmax.h
711 silly gunzTarPerm extractEntry include/Rcpp/sugar/functions/pmin.h
712 silly gunzTarPerm extractEntry include/Rcpp/sugar/functions/pow.h
713 silly gunzTarPerm extractEntry include/Rcpp/sugar/functions/range.h
714 silly gunzTarPerm extractEntry include/Rcpp/sugar/functions/rep.h
715 silly gunzTarPerm extractEntry include/Rcpp/sugar/functions/rep_each.h
716 silly gunzTarPerm extractEntry include/Rcpp/sugar/functions/rep_len.h
717 silly gunzTarPerm extractEntry include/Rcpp/sugar/functions/rev.h
718 silly gunzTarPerm extractEntry include/Rcpp/sugar/functions/sapply.h
719 silly gunzTarPerm extractEntry include/Rcpp/sugar/functions/sd.h
720 silly gunzTarPerm extractEntry include/Rcpp/sugar/functions/self_match.h
721 silly gunzTarPerm extractEntry include/Rcpp/sugar/functions/seq_along.h
722 silly gunzTarPerm extractEntry include/Rcpp/sugar/functions/setdiff.h
723 silly gunzTarPerm extractEntry include/Rcpp/sugar/functions/sign.h
724 silly gunzTarPerm extractEntry include/Rcpp/sugar/functions/strings/collapse.h
725 silly gunzTarPerm extractEntry include/Rcpp/sugar/functions/strings/strings.h
726 silly gunzTarPerm extractEntry include/Rcpp/sugar/functions/sum.h
727 silly gunzTarPerm extractEntry include/Rcpp/sugar/functions/table.h
728 silly gunzTarPerm extractEntry include/Rcpp/sugar/functions/tail.h
729 silly gunzTarPerm extractEntry include/Rcpp/sugar/functions/unique.h
730 silly gunzTarPerm extractEntry include/Rcpp/sugar/functions/var.h
731 silly gunzTarPerm extractEntry include/Rcpp/sugar/functions/which_max.h
732 silly gunzTarPerm extractEntry include/Rcpp/sugar/functions/which_min.h
733 silly gunzTarPerm extractEntry include/Rcpp/sugar/logical/SingleLogicalResult.h
734 silly gunzTarPerm extractEntry include/Rcpp/sugar/logical/and.h
735 silly gunzTarPerm extractEntry include/Rcpp/sugar/logical/can_have_na.h
736 silly gunzTarPerm extractEntry include/Rcpp/sugar/logical/is.h
737 silly gunzTarPerm extractEntry include/Rcpp/sugar/logical/logical.h
738 silly gunzTarPerm extractEntry include/Rcpp/sugar/logical/not.h
739 silly gunzTarPerm extractEntry include/Rcpp/sugar/logical/or.h
740 silly gunzTarPerm extractEntry include/Rcpp/sugar/matrix/as_vector.h
741 silly gunzTarPerm extractEntry include/Rcpp/sugar/matrix/col.h
742 silly gunzTarPerm extractEntry include/Rcpp/sugar/matrix/diag.h
743 silly gunzTarPerm extractEntry include/Rcpp/sugar/matrix/lower_tri.h
744 silly gunzTarPerm extractEntry include/Rcpp/sugar/matrix/matrix_functions.h
745 silly gunzTarPerm extractEntry include/Rcpp/sugar/matrix/outer.h
746 silly gunzTarPerm extractEntry include/Rcpp/sugar/matrix/row.h
747 silly gunzTarPerm extractEntry include/Rcpp/sugar/matrix/tools.h
748 silly gunzTarPerm extractEntry include/Rcpp/sugar/matrix/upper_tri.h
749 silly gunzTarPerm extractEntry include/Rcpp/sugar/nona/nona.h
750 silly gunzTarPerm extractEntry include/Rcpp/sugar/block/SugarBlock_1.h
751 silly gunzTarPerm extractEntry include/Rcpp/sugar/block/SugarBlock_2.h
752 silly gunzTarPerm extractEntry include/Rcpp/sugar/block/SugarBlock_3.h
753 silly gunzTarPerm extractEntry include/Rcpp/sugar/block/SugarMath.h
754 silly gunzTarPerm extractEntry include/Rcpp/sugar/block/Vectorized_Math.h
755 silly gunzTarPerm extractEntry include/Rcpp/sugar/block/block.h
756 silly gunzTarPerm extractEntry include/Rcpp/sugar/sets.h
757 silly gunzTarPerm extractEntry include/Rcpp/sugar/sugar.h
758 silly gunzTarPerm extractEntry include/Rcpp/sugar/sugar_forward.h
759 silly gunzTarPerm extractEntry include/Rcpp/sugar/tools/iterator.h
760 silly gunzTarPerm extractEntry include/Rcpp/sugar/undoRmath.h
761 silly gunzTarPerm extractEntry include/Rcpp/traits/is_sugar_expression.h
762 silly gunzTarPerm extractEntry include/Rcpp/traits/char_type.h
763 silly gunzTarPerm extractEntry include/Rcpp/traits/get_na.h
764 silly gunzTarPerm extractEntry include/Rcpp/traits/has_iterator.h
765 silly gunzTarPerm extractEntry include/Rcpp/traits/has_na.h
766 silly gunzTarPerm extractEntry include/Rcpp/traits/if_.h
767 silly gunzTarPerm extractEntry include/Rcpp/traits/init_type.h
768 silly gunzTarPerm extractEntry include/Rcpp/traits/integral_constant.h
769 silly gunzTarPerm extractEntry include/Rcpp/traits/is_const.h
770 silly gunzTarPerm extractEntry include/Rcpp/traits/is_convertible.h
771 silly gunzTarPerm extractEntry include/Rcpp/traits/is_eigen_base.h
772 silly gunzTarPerm extractEntry include/Rcpp/traits/is_finite.h
773 silly gunzTarPerm extractEntry include/Rcpp/traits/is_infinite.h
774 silly gunzTarPerm extractEntry include/Rcpp/traits/is_module_object.h
775 silly gunzTarPerm extractEntry include/Rcpp/traits/is_na.h
776 silly gunzTarPerm extractEntry include/Rcpp/traits/is_nan.h
777 silly gunzTarPerm extractEntry include/Rcpp/traits/is_pointer.h
778 silly gunzTarPerm extractEntry include/Rcpp/traits/is_primitive.h
779 silly gunzTarPerm extractEntry include/Rcpp/traits/is_reference.h
780 silly gunzTarPerm extractEntry include/Rcpp/traits/expands_to_logical.h
781 silly gunzTarPerm extractEntry include/Rcpp/traits/is_trivial.h
782 silly gunzTarPerm extractEntry include/Rcpp/traits/is_wide_string.h
783 silly gunzTarPerm extractEntry include/Rcpp/traits/longlong.h
784 silly gunzTarPerm extractEntry include/Rcpp/traits/matrix_interface.h
785 silly gunzTarPerm extractEntry include/Rcpp/traits/module_wrap_traits.h
786 silly gunzTarPerm extractEntry include/Rcpp/traits/named_object.h
787 silly gunzTarPerm extractEntry include/Rcpp/traits/num2type.h
788 silly gunzTarPerm extractEntry include/Rcpp/traits/r_sexptype_traits.h
789 silly gunzTarPerm extractEntry include/Rcpp/traits/r_type_traits.h
790 silly gunzTarPerm extractEntry include/Rcpp/traits/remove_const.h
791 silly gunzTarPerm extractEntry include/Rcpp/traits/remove_const_and_reference.h
792 silly gunzTarPerm extractEntry include/Rcpp/traits/remove_reference.h
793 silly gunzTarPerm extractEntry include/Rcpp/traits/result_of.h
794 silly gunzTarPerm extractEntry include/Rcpp/traits/same_type.h
795 silly gunzTarPerm extractEntry include/Rcpp/traits/storage_type.h
796 silly gunzTarPerm extractEntry include/Rcpp/traits/traits.h
797 silly gunzTarPerm extractEntry include/Rcpp/traits/un_pointer.h
798 silly gunzTarPerm extractEntry include/Rcpp/traits/wrap_type_traits.h
799 silly gunzTarPerm extractEntry include/Rcpp/vector/VectorBase.h
800 silly gunzTarPerm extractEntry include/Rcpp/vector/00_forward_Vector.h
801 silly gunzTarPerm extractEntry include/Rcpp/vector/LazyVector.h
802 silly gunzTarPerm extractEntry include/Rcpp/vector/Matrix.h
803 silly gunzTarPerm extractEntry include/Rcpp/vector/MatrixBase.h
804 silly gunzTarPerm extractEntry include/Rcpp/vector/MatrixColumn.h
805 silly gunzTarPerm extractEntry include/Rcpp/vector/MatrixRow.h
806 silly gunzTarPerm extractEntry include/Rcpp/vector/RangeIndexer.h
807 silly gunzTarPerm extractEntry include/Rcpp/vector/SubMatrix.h
808 silly gunzTarPerm extractEntry include/Rcpp/vector/Subsetter.h
809 silly gunzTarPerm extractEntry include/Rcpp/vector/Vector.h
810 silly gunzTarPerm extractEntry include/Rcpp/vector/00_forward_proxy.h
811 silly gunzTarPerm extractEntry include/Rcpp/vector/const_generic_proxy.h
812 silly gunzTarPerm extractEntry include/Rcpp/vector/const_string_proxy.h
813 silly gunzTarPerm extractEntry include/Rcpp/vector/converter.h
814 silly gunzTarPerm extractEntry include/Rcpp/vector/generic_proxy.h
815 silly gunzTarPerm extractEntry include/Rcpp/vector/instantiation.h
816 silly gunzTarPerm extractEntry include/Rcpp/vector/no_init.h
817 silly gunzTarPerm extractEntry include/Rcpp/vector/proxy.h
818 silly gunzTarPerm extractEntry include/Rcpp/vector/string_proxy.h
819 silly gunzTarPerm extractEntry include/Rcpp/vector/swap.h
820 silly gunzTarPerm extractEntry include/Rcpp/vector/traits.h
821 silly gunzTarPerm extractEntry include/Rcpp/vector/vector_from_string.h
822 silly gunzTarPerm extractEntry include/Rcpp.h
823 silly gunzTarPerm extractEntry include/RcppCommon.h
824 silly gunzTarPerm extractEntry include/doxygen/Examples.h
825 silly gunzTarPerm extractEntry include/test.h
826 silly gunzTarPerm extractEntry lib/index.js
827 silly gunzTarPerm extractEntry src/helper.h
828 silly gunzTarPerm extractEntry src/rl.cpp
829 silly gunzTarPerm extractEntry src/rlink.cpp
830 silly gunzTarPerm extractEntry src/rlink.h
831 silly lockFile 078d7df5-philipp-npm-rstats-0-0-1-package tar:///home/philipp/.npm/rstats/0.0.1/package
832 silly lockFile 078d7df5-philipp-npm-rstats-0-0-1-package tar:///home/philipp/.npm/rstats/0.0.1/package
833 silly lockFile b9b925ea-ipp-npm-rstats-0-0-1-package-tgz tar:///home/philipp/.npm/rstats/0.0.1/package.tgz
834 silly lockFile b9b925ea-ipp-npm-rstats-0-0-1-package-tgz tar:///home/philipp/.npm/rstats/0.0.1/package.tgz
835 verbose chmod /home/philipp/.npm/rstats/0.0.1/package.tgz 644
836 verbose chown /home/philipp/.npm/rstats/0.0.1/package.tgz [ 1000, 1000 ]
837 silly lockFile 3a52ce78- .
838 silly lockFile 3a52ce78- .
839 silly publish { name: 'rstats',
839 silly publish   version: '0.0.1',
839 silly publish   description: 'A node.js interface for statistical programming language R',
839 silly publish   main: './lib/index.js',
839 silly publish   scripts:
839 silly publish    { test: 'node-gyp configure build && nodeunit test',
839 silly publish      install: 'node-gyp rebuild' },
839 silly publish   dependencies: { bindings: '1.0.0' },
839 silly publish   repository:
839 silly publish    { type: 'git',
839 silly publish      url: 'https://github.com/Planeshifter/node-Rstats.git' },
839 silly publish   keywords: [ 'statistics', 'R', 'Rcpp' ],
839 silly publish   author: { name: 'Philipp Burckhardt' },
839 silly publish   license: 'ISC',
839 silly publish   gypfile: true,
839 silly publish   bugs: { url: 'https://github.com/Planeshifter/node-Rstats/issues' },
839 silly publish   homepage: 'https://github.com/Planeshifter/node-Rstats',
839 silly publish   readme: 'node-Rstats\n===========\n\nAn interface for node.js to statistical programming language R based on the fabulous Rcpp package\n\n## Installation\n\nIt is required that the packages `RInside`, `Rcpp` and `RJSONIO` are installed in R. Then, one can simply install rstats using npm \n\n```javascript\nnpm install rstats\n```\n\n## Getting Started\n\nAfter installation, the package can be loaded as follows:\n\n```javascript\nvar rstats  = require(\'rstats\');\n```\n\nOnce the package is loaded, we can create an R session by the command \n\n```javascript\nvar R  = new rstats.session(); \n```\n## Important Functions\n\n### parseEvalQ\n\nEvaluating R expressions is easy. We can use the *parseEvalQ* function as follows:\n\n```javascript\nR.parseEvalQ("cat(\'\\n Hello World \\n\')");\n```\n\n\n\n### assign\n\nNumeric values can be easily assigned to variables in the current R session:\n\n```javascript\nR.assign(\'x\', 17);\nR.assign(\'y\', 3);\n\n// calculate the sum of x+y and print the result\nR.parseEvalQ("res = x + y; print(res);");\n```\n\n### get\n\nTo retrieve an object from the R session, we use the *get* command. For example, let us create a 2x2 matrix in R and retrieve it in JavaScript as a nested array:\n\n```javascript\nR.parseEvalQ("mat = matrix(1:4,ncol=2,nrow=2)");\nvar mat = R.get(\'mat\');\n```\n\nInternally, the *get* function uses JSON in order to convert the R data types to JavaScript data types.\n\nWe can also run much more complicated calculations and expose the R objects to JavaScript. Consider a linear regression example:\n\n```javascript\nR.parseEvalQ(\'x = rnorm(100); y = 4x + rnorm(100); lm_fit = lm(y~x);\');\nvar lm_fit = R.get(\'lm_fit\');\nvar coefs = lm_fit.coefficients;\nvar residuals = lm_fit.residuals;\n```\n',
839 silly publish   readmeFilename: 'README.md',
839 silly publish   _id: 'rstats@0.0.1',
839 silly publish   dist: { shasum: '8fd87834163e831da984f51ae82ea2800703166e' },
839 silly publish   _from: '.' }
840 verbose url raw rstats
841 verbose url resolving [ 'https://registry.npmjs.org/', './rstats' ]
842 verbose url resolved https://registry.npmjs.org/rstats
843 info trying registry request attempt 1 at 04:11:46
844 http PUT https://registry.npmjs.org/rstats
845 http 403 https://registry.npmjs.org/rstats
846 info trying registry request attempt 1 at 04:11:47
847 http PUT https://registry.npmjs.org/rstats
848 http 403 https://registry.npmjs.org/rstats
849 error publish Failed PUT 403
850 error Error: forbidden cannot modify pre-existing version: 0.0.1
850 error old={"name":"rstats","version":"0.0.1","description":"A node.js interface for statistical programming language R","main":"./lib/index.js","scripts":{"test":"node-gyp configure build && nodeunit test","install":"node-gyp rebuild"},"repository":{"type":"git","url":"https://github.com/Planeshifter/node-Rstats.git"},"keywords":["statistics","R","Rcpp"],"author":{"name":"Philipp Burckhardt"},"license":"ISC","gypfile":true,"bugs":{"url":"https://github.com/Planeshifter/node-Rstats/issues"},"homepage":"https://github.com/Planeshifter/node-Rstats","_id":"rstats@0.0.1","dist":{"shasum":"11733deb75889c8e3fad950eccc8856b1062e9fd","tarball":"http://registry.npmjs.org/rstats/-/rstats-0.0.1.tgz"},"_from":".","_npmVersion":"1.3.24","_npmUser":{"name":"planeshifter","email":"pgb@andrew.cmu.edu"},"maintainers":[{"name":"planeshifter","email":"pgb@andrew.cmu.edu"}]}
850 error new={"name":"rstats","version":"0.0.1","description":"A node.js interface for statistical programming language R","main":"./lib/index.js","scripts":{"test":"node-gyp configure build && nodeunit test","install":"node-gyp rebuild"},"dependencies":{"bindings":"1.0.0"},"repository":{"type":"git","url":"https://github.com/Planeshifter/node-Rstats.git"},"keywords":["statistics","R","Rcpp"],"author":{"name":"Philipp Burckhardt"},"license":"ISC","gypfile":true,"bugs":{"url":"https://github.com/Planeshifter/node-Rstats/issues"},"homepage":"https://github.com/Planeshifter/node-Rstats","readme":"node-Rstats\u000a===========\u000a\u000aAn interface for node.js to statistical programming language R based on the fabulous Rcpp package\u000a\u000a## Installation\u000a\u000aIt is required that the packages `RInside`, `Rcpp` and `RJSONIO` are installed in R. Then, one can simply install rstats using npm \u000a\u000a```javascript\u000anpm install rstats\u000a```\u000a\u000a## Getting Started\u000a\u000aAfter installation, the package can be loaded as follows:\u000a\u000a```javascript\u000avar rstats  = require('rstats');\u000a```\u000a\u000aOnce the package is loaded, we can create an R session by the command \u000a\u000a```javascript\u000avar R  = new rstats.session(); \u000a```\u000a## Important Functions\u000a\u000a### parseEvalQ\u000a\u000aEvaluating R expressions is easy. We can use the *parseEvalQ* function as follows:\u000a\u000a```javascript\u000aR.parseEvalQ(\"cat('\\n Hello World \\n')\");\u000a```\u000a\u000a\u000a\u000a### assign\u000a\u000aNumeric values can be easily assigned to variables in the current R session:\u000a\u000a```javascript\u000aR.assign('x', 17);\u000aR.assign('y', 3);\u000a\u000a// calculate the sum of x+y and print the result\u000aR.parseEvalQ(\"res = x + y; print(res);\");\u000a```\u000a\u000a### get\u000a\u000aTo retrieve an object from the R session, we use the *get* command. For example, let us create a 2x2 matrix in R and retrieve it in JavaScript as a nested array:\u000a\u000a```javascript\u000aR.parseEvalQ(\"mat = matrix(1:4,ncol=2,nrow=2)\");\u000avar mat = R.get('mat');\u000a```\u000a\u000aInternally, the *get* function uses JSON in order to convert the R data types to JavaScript data types.\u000a\u000aWe can also run much more complicated calculations and expose the R objects to JavaScript. Consider a linear regression example:\u000a\u000a```javascript\u000aR.parseEvalQ('x = rnorm(100); y = 4x + rnorm(100); lm_fit = lm(y~x);');\u000avar lm_fit = R.get('lm_fit');\u000avar coefs = lm_fit.coefficients;\u000avar residuals = lm_fit.residuals;\u000a```\u000a","readmeFilename":"README.md","_id":"rstats@0.0.1","dist":{"shasum":"8fd87834163e831da984f51ae82ea2800703166e","tarball":"http://registry.npmjs.org/rstats/-/rstats-0.0.1.tgz"},"_from":".","_npmVersion":"1.3.24","_npmUser":{"name":"planeshifter","email":"pgb@andrew.cmu.edu"},"maintainers":[{"name":"planeshifter","email":"pgb@andrew.cmu.edu"}]}: rstats
850 error     at RegClient.<anonymous> (/usr/lib/node_modules/npm/node_modules/npm-registry-client/lib/request.js:275:14)
850 error     at Request.self.callback (/usr/lib/node_modules/npm/node_modules/request/request.js:123:22)
850 error     at Request.EventEmitter.emit (events.js:98:17)
850 error     at Request.<anonymous> (/usr/lib/node_modules/npm/node_modules/request/request.js:893:14)
850 error     at Request.EventEmitter.emit (events.js:117:20)
850 error     at IncomingMessage.<anonymous> (/usr/lib/node_modules/npm/node_modules/request/request.js:844:12)
850 error     at IncomingMessage.EventEmitter.emit (events.js:117:20)
850 error     at _stream_readable.js:920:16
850 error     at process._tickCallback (node.js:415:13)
851 error If you need help, you may report this *entire* log,
851 error including the npm and node versions, at:
851 error     <http://github.com/isaacs/npm/issues>
852 error System Linux 3.10.0-031000rc7-generic
853 error command "/usr/bin/node" "/usr/bin/npm" "publish"
854 error cwd /home/philipp/Git_Repositories/RLinker
855 error node -v v0.10.25
856 error npm -v 1.3.24
857 verbose exit [ 1, true ]
